<?xml version="1.0" encoding="UTF-8"?>
<!-- Generated by org.testng.reporters.JUnitXMLReporter -->
<testsuite hostname="LAPTOP-C2JGBICR" ignored="0" name="Test" tests="3" failures="1" timestamp="18 Jan 2019 18:12:58 GMT" time="11.246" errors="0">
  <testcase name="login" time="0.01" classname="practiceMavenProject.Sample.ReadingFile">
    <failure type="java.lang.IllegalStateException" message="The driver executable does not exist: C:\Users\Garcha\workspace\Sample\&amp;quot;C:\Users\Garcha\Downloads\chromedriver.exe&amp;quot;;">
      <![CDATA[java.lang.IllegalStateException: The driver executable does not exist: C:\Users\Garcha\workspace\Sample\"C:\Users\Garcha\Downloads\chromedriver.exe";
at com.google.common.base.Preconditions.checkState(Preconditions.java:585)
at org.openqa.selenium.remote.service.DriverService.checkExecutable(DriverService.java:146)
at org.openqa.selenium.remote.service.DriverService.findExecutable(DriverService.java:141)
at org.openqa.selenium.chrome.ChromeDriverService.access$000(ChromeDriverService.java:35)
at org.openqa.selenium.chrome.ChromeDriverService$Builder.findDefaultExecutable(ChromeDriverService.java:159)
at org.openqa.selenium.remote.service.DriverService$Builder.build(DriverService.java:355)
at org.openqa.selenium.chrome.ChromeDriverService.createDefaultService(ChromeDriverService.java:94)
at org.openqa.selenium.chrome.ChromeDriver.<init>(ChromeDriver.java:123)
at practiceMavenProject.Sample.ReadingFile.login(ReadingFile.java:21)
... Removed 25 stack frames]]>
    </failure>
  </testcase> <!-- login -->
  <testcase name="verifyHomepageTitle" time="0.187" classname="practiceMavenProject.Sample.TestNg"/>
  <testcase name="verifyHomepageTitle1" time="1.301" classname="practiceMavenProject.Sample.TestNg"/>
</testsuite> <!-- Test -->
